[2025-12-04 03:12:57] [error] Error al cargar archivo .env: El archivo .env no existe en la ruta especificada: D:\SPRINGBOOT\servicios-financieros-website\src\services\php\config/../../../.env
[2025-12-04 03:18:39] [INFO] 📧 API: Recibiendo solicitud de consulta...
[2025-12-04 03:18:39] [INFO] 📧 API: Datos recibidos - Nombre: jose, Email: malon_80@hotmail.es
[2025-12-04 03:18:39] [INFO] ℹ️ API: No se detectó archivo adjunto
[2025-12-04 00:18:39] [INFO] 📤 API: Enviando email de consulta...
[2025-12-04 00:18:41] [ERROR] Error al enviar email a: info@imperial-net.com
[2025-12-04 00:18:41] [ERROR] Error al enviar email de consulta: No se pudo enviar el email
[2025-12-04 00:18:41] [ERROR] ❌ API: Error al enviar email principal: No se pudo enviar el email
[2025-12-04 11:13:43] [error] Error al cargar archivo .env: El archivo .env no existe en la ruta especificada: D:/SPRINGBOOT/servicios-financieros-website/.env
[2025-12-04 11:13:43] [INFO] 📧 API: Recibiendo solicitud de consulta...
[2025-12-04 11:13:43] [INFO] 📧 API: Datos recibidos - Nombre: jose, Email: malon_80@hotmail.es
[2025-12-04 11:13:43] [INFO] ℹ️ API: No se detectó archivo adjunto
[2025-12-04 11:13:43] [error] Error al cargar archivo .env: El archivo .env no existe en la ruta especificada: D:/SPRINGBOOT/servicios-financieros-website/.env
[2025-12-04 08:13:43] [INFO] 📤 API: Enviando email de consulta...
[2025-12-04 08:13:43] [ERROR] Error al enviar email a: info@imperial-net.com
[2025-12-04 08:13:43] [ERROR] Error al enviar email de consulta: No se pudo enviar el email
[2025-12-04 08:13:43] [ERROR] ❌ API: Error al enviar email principal: No se pudo enviar el email
[2025-12-04 11:19:58] [error] Error al cargar archivo .env: El archivo .env no existe en la ruta especificada: D:/SPRINGBOOT/servicios-financieros-website/.env
[2025-12-04 11:19:58] [INFO] 📧 API: Recibiendo solicitud de consulta...
[2025-12-04 11:19:58] [INFO] 📧 API: Datos recibidos - Nombre: jose, Email: malon_80@hotmail.es
[2025-12-04 11:19:58] [INFO] ℹ️ API: No se detectó archivo adjunto
[2025-12-04 11:19:58] [error] Error al cargar archivo .env: El archivo .env no existe en la ruta especificada: D:/SPRINGBOOT/servicios-financieros-website/.env
[2025-12-04 08:19:58] [INFO] 📤 API: Enviando email de consulta...
[2025-12-04 08:19:58] [ERROR] Error al enviar email a: info@imperial-net.com
[2025-12-04 08:19:58] [ERROR] Error al enviar email de consulta: No se pudo enviar el email
[2025-12-04 08:19:58] [ERROR] ❌ API: Error al enviar email principal: No se pudo enviar el email
[2025-12-04 11:34:49] [error] Error al cargar archivo .env: El archivo .env no existe en la ruta especificada: D:/SPRINGBOOT/servicios-financieros-website/.env
[2025-12-04 11:34:49] [INFO] 📧 API: Recibiendo solicitud de consulta...
[2025-12-04 11:34:49] [INFO] 📧 API: Datos recibidos - Nombre: jose, Email: malon_80@hotmail.es
[2025-12-04 11:34:49] [INFO] ℹ️ API: No se detectó archivo adjunto
[2025-12-04 11:34:49] [error] Error al cargar archivo .env: El archivo .env no existe en la ruta especificada: D:/SPRINGBOOT/servicios-financieros-website/.env
[2025-12-04 08:34:49] [INFO] 📤 API: Enviando email de consulta...
[2025-12-04 08:34:49] [ERROR] Error al enviar email a: info@imperial-net.com
[2025-12-04 08:34:49] [ERROR] Error al enviar email de consulta: No se pudo enviar el email
[2025-12-04 08:34:49] [ERROR] ❌ API: Error al enviar email principal: No se pudo enviar el email
[2025-12-04 11:34:52] [error] Error al cargar archivo .env: El archivo .env no existe en la ruta especificada: D:/SPRINGBOOT/servicios-financieros-website/.env
[2025-12-04 11:48:00] [error] Error al cargar archivo .env: El archivo .env no existe en la ruta especificada: D:/SPRINGBOOT/servicios-financieros-website/.env
[2025-12-04 11:48:00] [INFO] 📧 API: Recibiendo solicitud de consulta...
[2025-12-04 11:48:00] [INFO] 📧 API: Datos recibidos - Nombre: jose, Email: malon_80@hotmail.es
[2025-12-04 11:48:00] [INFO] ℹ️ API: No se detectó archivo adjunto
[2025-12-04 11:48:00] [error] Error al cargar archivo .env: El archivo .env no existe en la ruta especificada: D:/SPRINGBOOT/servicios-financieros-website/.env
[2025-12-04 08:48:00] [INFO] 📤 API: Enviando email de consulta...
[2025-12-04 08:48:00] [ERROR] Error al enviar email a: info@imperial-net.com
[2025-12-04 08:48:00] [ERROR] Error al enviar email de consulta: No se pudo enviar el email
[2025-12-04 08:48:00] [ERROR] ❌ API: Error al enviar email principal: No se pudo enviar el email
[2025-12-04 11:51:43] [error] Error al cargar archivo .env: El archivo .env no existe en la ruta especificada: D:/SPRINGBOOT/servicios-financieros-website/.env
[2025-12-04 11:51:43] [INFO] 📧 API: Recibiendo solicitud de consulta...
[2025-12-04 11:51:43] [INFO] 📧 API: Datos recibidos - Nombre: jose, Email: malon_80@hotmail.es
[2025-12-04 11:51:43] [INFO] ℹ️ API: No se detectó archivo adjunto
[2025-12-04 11:51:43] [error] Error al cargar archivo .env: El archivo .env no existe en la ruta especificada: D:/SPRINGBOOT/servicios-financieros-website/.env
[2025-12-04 08:51:43] [INFO] 📤 API: Enviando email de consulta...
[2025-12-04 08:51:43] [ERROR] Error al enviar email a: info@imperial-net.com
[2025-12-04 08:51:43] [ERROR] Error al enviar email de consulta: No se pudo enviar el email
[2025-12-04 08:51:43] [ERROR] ❌ API: Error al enviar email principal: No se pudo enviar el email
[2025-12-04 11:56:10] [error] Error al cargar archivo .env: El archivo .env no existe en la ruta especificada: D:/SPRINGBOOT/servicios-financieros-website/.env
[2025-12-04 11:56:10] [INFO] 📧 API: Recibiendo solicitud de consulta...
[2025-12-04 11:56:10] [INFO] 📧 API: Datos recibidos - Nombre: jose, Email: malon_80@hotmail.es
[2025-12-04 11:56:10] [INFO] ℹ️ API: No se detectó archivo adjunto
[2025-12-04 11:56:10] [error] Error al cargar archivo .env: El archivo .env no existe en la ruta especificada: D:/SPRINGBOOT/servicios-financieros-website/.env
[2025-12-04 08:56:10] [INFO] 📤 API: Enviando email de consulta...
[2025-12-04 08:56:15] [INFO] Email enviado a: info@imperial-net.com
[2025-12-04 08:56:15] [INFO] Email de consulta enviado exitosamente
[2025-12-04 08:56:15] [INFO] 📧 API: Enviando email de confirmación al cliente...
[2025-12-04 08:56:21] [INFO] Email enviado a: malon_80@hotmail.es
[2025-12-04 08:56:21] [INFO] Email de confirmación enviado a: malon_80@hotmail.es
[2025-12-04 08:56:21] [INFO] ✅ API: Email de confirmación enviado
[2025-12-04 08:56:21] [INFO] ✅ API: Consulta procesada exitosamente
[2025-12-04 12:15:00] [error] Error al cargar archivo .env: El archivo .env no existe en la ruta especificada: D:/SPRINGBOOT/servicios-financieros-website/.env
[2025-12-04 12:15:00] [INFO] 📧 API: Recibiendo solicitud de consulta...
[2025-12-04 12:15:00] [INFO] 📧 API: Datos recibidos - Nombre: jose, Email: malon_80@hotmail.es
[2025-12-04 12:15:00] [INFO] 📎 API: Procesando archivo adjunto...
[2025-12-04 12:15:00] [INFO] 📎 API: Archivo adjunto validado: Módulo 2 -Organización y pensamiento crítico.pdf (1.08 MB)
[2025-12-04 12:15:00] [error] Error al cargar archivo .env: El archivo .env no existe en la ruta especificada: D:/SPRINGBOOT/servicios-financieros-website/.env
[2025-12-04 09:15:00] [INFO] 📤 API: Enviando email de consulta...
[2025-12-04 09:15:00] [INFO] Archivo adjunto: Módulo 2 -Organización y pensamiento crítico.pdf
[2025-12-04 09:15:05] [INFO] Email enviado a: info@imperial-net.com
[2025-12-04 09:15:05] [INFO] Email de consulta enviado exitosamente
[2025-12-04 09:15:05] [INFO] 📧 API: Enviando email de confirmación al cliente...
[2025-12-04 09:15:10] [INFO] Email enviado a: malon_80@hotmail.es
[2025-12-04 09:15:10] [INFO] Email de confirmación enviado a: malon_80@hotmail.es
[2025-12-04 09:15:10] [INFO] ✅ API: Email de confirmación enviado
[2025-12-04 09:15:10] [INFO] ✅ API: Consulta procesada exitosamente
[2025-12-04 12:18:56] [error] Error al cargar archivo .env: El archivo .env no existe en la ruta especificada: D:/SPRINGBOOT/servicios-financieros-website/.env
[2025-12-04 12:18:56] [INFO] 📧 API: Recibiendo solicitud de consulta...
[2025-12-04 12:18:56] [INFO] 📧 API: Datos recibidos - Nombre: jose, Email: malon_80@hotmail.es
[2025-12-04 12:18:56] [INFO] ℹ️ API: No se detectó archivo adjunto
[2025-12-04 12:18:56] [error] Error al cargar archivo .env: El archivo .env no existe en la ruta especificada: D:/SPRINGBOOT/servicios-financieros-website/.env
[2025-12-04 09:18:56] [INFO] 📤 API: Enviando email de consulta...
[2025-12-04 09:19:01] [INFO] Email enviado a: info@imperial-net.com
[2025-12-04 09:19:01] [INFO] Email de consulta enviado exitosamente
[2025-12-04 09:19:01] [INFO] 📧 API: Enviando email de confirmación al cliente...
[2025-12-04 09:19:05] [INFO] Email enviado a: malon_80@hotmail.es
[2025-12-04 09:19:05] [INFO] Email de confirmación enviado a: malon_80@hotmail.es
[2025-12-04 09:19:05] [INFO] ✅ API: Email de confirmación enviado
[2025-12-04 09:19:05] [INFO] ✅ API: Consulta procesada exitosamente
[2025-12-04 12:19:29] [error] Error al cargar archivo .env: El archivo .env no existe en la ruta especificada: D:/SPRINGBOOT/servicios-financieros-website/.env
[2025-12-04 12:19:29] [INFO] 📧 API: Recibiendo solicitud de consulta...
[2025-12-04 12:19:29] [INFO] 📧 API: Datos recibidos - Nombre: jose, Email: malon_80@hotmail.es
[2025-12-04 12:19:29] [INFO] ℹ️ API: No se detectó archivo adjunto
[2025-12-04 12:19:29] [error] Error al cargar archivo .env: El archivo .env no existe en la ruta especificada: D:/SPRINGBOOT/servicios-financieros-website/.env
[2025-12-04 09:19:29] [INFO] 📤 API: Enviando email de consulta...
[2025-12-04 09:19:34] [INFO] Email enviado a: info@imperial-net.com
[2025-12-04 09:19:34] [INFO] Email de consulta enviado exitosamente
[2025-12-04 09:19:34] [INFO] 📧 API: Enviando email de confirmación al cliente...
[2025-12-04 09:19:38] [INFO] Email enviado a: malon_80@hotmail.es
[2025-12-04 09:19:38] [INFO] Email de confirmación enviado a: malon_80@hotmail.es
[2025-12-04 09:19:38] [INFO] ✅ API: Email de confirmación enviado
[2025-12-04 09:19:38] [INFO] ✅ API: Consulta procesada exitosamente
[2025-12-04 12:26:16] [error] Error al cargar archivo .env: El archivo .env no existe en la ruta especificada: D:/SPRINGBOOT/servicios-financieros-website/.env
[2025-12-04 12:26:16] [INFO] 📧 API: Recibiendo solicitud de consulta...
[2025-12-04 12:26:16] [INFO] 📧 API: Datos recibidos - Nombre: jose, Email: malon_80@hotmail.es
[2025-12-04 12:26:16] [INFO] ℹ️ API: No se detectó archivo adjunto
[2025-12-04 12:26:16] [error] Error al cargar archivo .env: El archivo .env no existe en la ruta especificada: D:/SPRINGBOOT/servicios-financieros-website/.env
[2025-12-04 09:26:16] [INFO] 📤 API: Enviando email de consulta...
[2025-12-04 09:26:20] [INFO] Email enviado a: info@imperial-net.com
[2025-12-04 09:26:20] [INFO] Email de consulta enviado exitosamente
[2025-12-04 09:26:20] [INFO] 📧 API: Enviando email de confirmación al cliente...
[2025-12-04 09:26:25] [INFO] Email enviado a: malon_80@hotmail.es
[2025-12-04 09:26:25] [INFO] Email de confirmación enviado a: malon_80@hotmail.es
[2025-12-04 09:26:25] [INFO] ✅ API: Email de confirmación enviado
[2025-12-04 09:26:25] [INFO] ✅ API: Consulta procesada exitosamente
[2025-12-04 12:35:13] [error] Error al cargar archivo .env: El archivo .env no existe en la ruta especificada: D:/SPRINGBOOT/servicios-financieros-website/.env
[2025-12-04 12:35:13] [INFO] 📧 API: Recibiendo solicitud de consulta...
[2025-12-04 12:35:13] [INFO] 📧 API: Datos recibidos - Nombre: jose, Email: malon_80@hotmail.es
[2025-12-04 12:35:13] [INFO] ℹ️ API: No se detectó archivo adjunto
[2025-12-04 12:35:13] [error] Error al cargar archivo .env: El archivo .env no existe en la ruta especificada: D:/SPRINGBOOT/servicios-financieros-website/.env
[2025-12-04 09:35:13] [INFO] 📤 API: Enviando email de consulta...
[2025-12-04 09:35:17] [INFO] Email enviado a: info@imperial-net.com
[2025-12-04 09:35:17] [INFO] Email de consulta enviado exitosamente
[2025-12-04 09:35:17] [INFO] 📧 API: Enviando email de confirmación al cliente...
[2025-12-04 09:35:21] [INFO] Email enviado a: malon_80@hotmail.es
[2025-12-04 09:35:21] [INFO] Email de confirmación enviado a: malon_80@hotmail.es
[2025-12-04 09:35:21] [INFO] ✅ API: Email de confirmación enviado
[2025-12-04 09:35:21] [INFO] ✅ API: Consulta procesada exitosamente
[2025-12-04 12:37:30] [error] Error al cargar archivo .env: El archivo .env no existe en la ruta especificada: D:/SPRINGBOOT/servicios-financieros-website/.env
[2025-12-04 12:37:30] [INFO] 📧 API: Recibiendo solicitud de consulta...
[2025-12-04 12:37:30] [INFO] 📧 API: Datos recibidos - Nombre: Jose, Email: malon_80@hotmail.es
[2025-12-04 12:37:30] [INFO] ℹ️ API: No se detectó archivo adjunto
[2025-12-04 12:37:30] [error] Error al cargar archivo .env: El archivo .env no existe en la ruta especificada: D:/SPRINGBOOT/servicios-financieros-website/.env
[2025-12-04 09:37:30] [INFO] 📤 API: Enviando email de consulta...
[2025-12-04 09:37:35] [INFO] Email enviado a: info@imperial-net.com
[2025-12-04 09:37:35] [INFO] Email de consulta enviado exitosamente
[2025-12-04 09:37:35] [INFO] 📧 API: Enviando email de confirmación al cliente...
[2025-12-04 09:37:39] [INFO] Email enviado a: malon_80@hotmail.es
[2025-12-04 09:37:39] [INFO] Email de confirmación enviado a: malon_80@hotmail.es
[2025-12-04 09:37:39] [INFO] ✅ API: Email de confirmación enviado
[2025-12-04 09:37:39] [INFO] ✅ API: Consulta procesada exitosamente
